ISim log file
Running: /media/shared/SharedFile/ISE Files/ProcessorDesign/ise/proj/PipelinedProcessor_v5/mips_txt_isim_beh.exe -intstyle ise -gui -tclbatch isim.cmd -wdb /media/shared/SharedFile/ISE Files/ProcessorDesign/ise/proj/PipelinedProcessor_v5/mips_txt_isim_beh.wdb 
ISim P.20131013 (signature 0xfbc00daa)
----------------------------------------------------------------------
WARNING:Security:42 - Your software subscription period has lapsed. Your current version of Xilinx tools will continue to function, but you no longer qualify for Xilinx software updates or new releases.


----------------------------------------------------------------------
This is a Full version of ISim.
Time resolution is 1 ps
# onerror resume
# wave add /
# run 1000 ns
Simulator is doing circuit initialization process.
Finished circuit initialization process.
                  38@00003000: $ 1 <= 00000002
                  42@00003004: $ 2 <= 00000004
                  74@0000300c: $31 <= 00000000
                  78@00003010: $30 <= 00000008
                  86@00003018: $ 1 <= 00000002
                  90@0000301c: $ 2 <= 00000001
                  94@00003020: $31 <= 00000000
                  98@00003024: $30 <= 00000008
# restart
# run 1.00us
Simulator is doing circuit initialization process.
Finished circuit initialization process.
                  38@00003000: $ 1 <= 00000002
                  42@00003004: $ 2 <= 00000004
                  74@0000300c: $31 <= 00000000
                  78@00003010: $30 <= 00000008
                  86@00003018: $ 1 <= 00000002
                  90@0000301c: $ 2 <= 00000001
                  94@00003020: $31 <= 00000000
                  98@00003024: $30 <= 00000008
# restart
# run 1.00us
Simulator is doing circuit initialization process.
Finished circuit initialization process.
                  38@00003000: $ 1 <= 00000002
                  42@00003004: $ 2 <= 00000004
                  74@0000300c: $31 <= 00000000
                  78@00003010: $30 <= 00000008
                  86@00003018: $ 1 <= 00000002
                  90@0000301c: $ 2 <= 00000001
                  94@00003020: $31 <= 00000000
                  98@00003024: $30 <= 00000008
# run 100ns
Stopped at time : 1020 ns : File "/media/shared/SharedFile/ISE Files/ProcessorDesign/ise/src/tmp1/mips_tb.v" Line 65
# restart
# run 100ns
Simulator is doing circuit initialization process.
Finished circuit initialization process.
                  38@00003000: $ 1 <= 00000002
                  42@00003004: $ 2 <= 00000004
                  74@0000300c: $31 <= 00000000
                  78@00003010: $30 <= 00000008
                  86@00003018: $ 1 <= 00000002
                  90@0000301c: $ 2 <= 00000001
                  94@00003020: $31 <= 00000000
                  98@00003024: $30 <= 00000008
# restart
# run 100ns
Simulator is doing circuit initialization process.
Finished circuit initialization process.
                  38@00003000: $ 1 <= 00000002
                  42@00003004: $ 2 <= 00000004
                  74@0000300c: $31 <= 00000000
                  78@00003010: $30 <= 00000008
                  86@00003018: $ 1 <= 00000002
                  90@0000301c: $ 2 <= 00000001
                  94@00003020: $31 <= 00000000
                  98@00003024: $30 <= 00000008
ISim P.20131013 (signature 0xfbc00daa)
----------------------------------------------------------------------
WARNING:Security:42 - Your software subscription period has lapsed. Your current version of Xilinx tools will continue to function, but you no longer qualify for Xilinx software updates or new releases.


----------------------------------------------------------------------
This is a Full version of ISim.
# run 1000 ns
Simulator is doing circuit initialization process.
Finished circuit initialization process.
                  38@00003000: $ 1 <= 00000002
                  42@00003004: $ 2 <= 00000004
                  74@0000300c: $31 <= 00000000
                  78@00003010: $30 <= 00000008
                  86@00003018: $ 1 <= 00000002
                  90@0000301c: $ 2 <= 00000001
                 110@00003020: $31 <= 00000000
                 114@00003024: $30 <= 00000000
# restart
# run 100ns
Simulator is doing circuit initialization process.
Finished circuit initialization process.
                  38@00003000: $ 1 <= 00000002
                  42@00003004: $ 2 <= 00000004
                  74@0000300c: $31 <= 00000000
                  78@00003010: $30 <= 00000008
                  86@00003018: $ 1 <= 00000002
                  90@0000301c: $ 2 <= 00000001
# restart
# run 200ns
Simulator is doing circuit initialization process.
Finished circuit initialization process.
                  38@00003000: $ 1 <= 00000002
                  42@00003004: $ 2 <= 00000004
                  74@0000300c: $31 <= 00000000
                  78@00003010: $30 <= 00000008
                  86@00003018: $ 1 <= 00000002
                  90@0000301c: $ 2 <= 00000001
                 110@00003020: $31 <= 00000000
                 114@00003024: $30 <= 00000000
# restart
# run 200ns
Simulator is doing circuit initialization process.
Finished circuit initialization process.
                  38@00003000: $ 1 <= 00000002
                  42@00003004: $ 2 <= 00000004
                  74@0000300c: $31 <= 00000000
                  78@00003010: $30 <= 00000008
                  86@00003018: $ 1 <= 00000002
                  90@0000301c: $ 2 <= 00000001
                 110@00003020: $31 <= 00000000
                 114@00003024: $30 <= 00000000
# restart
# run 200ns
Simulator is doing circuit initialization process.
Finished circuit initialization process.
                  38@00003000: $ 1 <= 00000002
                  42@00003004: $ 2 <= 00000004
                  74@0000300c: $31 <= 00000000
                  78@00003010: $30 <= 00000008
                  86@00003018: $ 1 <= 00000002
                  90@0000301c: $ 2 <= 00000001
                 110@00003020: $31 <= 00000000
                 114@00003024: $30 <= 00000000
# restart
# run 200ns
Simulator is doing circuit initialization process.
Finished circuit initialization process.
                  38@00003000: $ 1 <= 00000002
                  42@00003004: $ 2 <= 00000004
                  74@0000300c: $31 <= 00000000
                  78@00003010: $30 <= 00000008
                  86@00003018: $ 1 <= 00000002
                  90@0000301c: $ 2 <= 00000001
                 110@00003020: $31 <= 00000000
                 114@00003024: $30 <= 00000000
# restart
# run 200ns
Simulator is doing circuit initialization process.
Finished circuit initialization process.
                  38@00003000: $ 1 <= 00000002
                  42@00003004: $ 2 <= 00000004
                  74@0000300c: $31 <= 00000000
                  78@00003010: $30 <= 00000008
                  86@00003018: $ 1 <= 00000002
                  90@0000301c: $ 2 <= 00000001
                 110@00003020: $31 <= 00000000
                 114@00003024: $30 <= 00000000
# restart
# run 200ns
Simulator is doing circuit initialization process.
Finished circuit initialization process.
                  38@00003000: $ 1 <= 00000002
                  42@00003004: $ 2 <= 00000004
                  74@0000300c: $31 <= 00000000
                  78@00003010: $30 <= 00000008
                  86@00003018: $ 1 <= 00000002
                  90@0000301c: $ 2 <= 00000001
                 110@00003020: $31 <= 00000000
                 114@00003024: $30 <= 00000000
# restart
# run 200ns
Simulator is doing circuit initialization process.
Finished circuit initialization process.
                  38@00003000: $ 1 <= 00000002
                  42@00003004: $ 2 <= 00000004
                  74@0000300c: $31 <= 00000000
                  78@00003010: $30 <= 00000008
                  86@00003018: $ 1 <= 00000002
                  90@0000301c: $ 2 <= 00000001
                 110@00003020: $31 <= 00000000
                 114@00003024: $30 <= 00000000
# restart
# run 200ns
Simulator is doing circuit initialization process.
Finished circuit initialization process.
                  38@00003000: $ 1 <= 00000002
                  42@00003004: $ 2 <= 00000004
                  74@0000300c: $31 <= 00000000
                  78@00003010: $30 <= 00000008
                  86@00003018: $ 1 <= 00000002
                  90@0000301c: $ 2 <= 00000001
                 110@00003020: $31 <= 00000000
                 114@00003024: $30 <= 00000000
# restart
# run 200ns
Simulator is doing circuit initialization process.
Finished circuit initialization process.
                  38@00003000: $ 1 <= 00000002
                  42@00003004: $ 2 <= 00000004
                  74@0000300c: $31 <= 00000000
                  78@00003010: $30 <= 00000008
                  86@00003018: $ 1 <= 00000002
                  90@0000301c: $ 2 <= 00000001
                 110@00003020: $31 <= 00000000
                 114@00003024: $30 <= 00000000
ISim P.20131013 (signature 0xfbc00daa)
----------------------------------------------------------------------
WARNING:Security:42 - Your software subscription period has lapsed. Your current version of Xilinx tools will continue to function, but you no longer qualify for Xilinx software updates or new releases.


----------------------------------------------------------------------
This is a Full version of ISim.
# run 1000 ns
Simulator is doing circuit initialization process.
Finished circuit initialization process.
                  38@00003000: $ 1 <= 00000002
                  42@00003004: $ 2 <= 00000004
                  74@0000300c: $31 <= 00000000
                  78@00003010: $30 <= 00000008
                  82@00003014: $ 1 <= 00000002
                  86@00003018: $ 2 <= 00000001
                 118@00003020: $31 <= 00000000
                 122@00003024: $30 <= 00000006
# restart
# run 200ns
Simulator is doing circuit initialization process.
Finished circuit initialization process.
                  38@00003000: $ 1 <= 00000002
                  42@00003004: $ 2 <= 00000004
                  74@0000300c: $31 <= 00000000
                  78@00003010: $30 <= 00000008
                  82@00003014: $ 1 <= 00000002
                  86@00003018: $ 2 <= 00000001
                 118@00003020: $31 <= 00000000
                 122@00003024: $30 <= 00000006
